{"/home/oem/Desktop/Projects/testHubert/Hubert-Test/src/components/ButtonBack/index.tsx": {"path":"/home/oem/Desktop/Projects/testHubert/Hubert-Test/src/components/ButtonBack/index.tsx","statementMap":{"0":{"start":{"line":2,"column":0},"end":{"line":2,"column":37}},"1":{"start":{"line":8,"column":49},"end":{"line":10,"column":1}},"2":{"start":{"line":9,"column":2},"end":{"line":9,"column":53}},"3":{"start":{"line":8,"column":13},"end":{"line":8,"column":49}}},"fnMap":{"0":{"name":"(anonymous_0)","decl":{"start":{"line":8,"column":49},"end":{"line":8,"column":50}},"loc":{"start":{"line":8,"column":75},"end":{"line":10,"column":1}}}},"branchMap":{},"s":{"0":2,"1":2,"2":5,"3":2},"f":{"0":5},"b":{}}
,"/home/oem/Desktop/Projects/testHubert/Hubert-Test/src/components/ButtonBack/styles.ts": {"path":"/home/oem/Desktop/Projects/testHubert/Hubert-Test/src/components/ButtonBack/styles.ts","statementMap":{"0":{"start":{"line":1,"column":0},"end":{"line":1,"column":39}},"1":{"start":{"line":3,"column":13},"end":{"line":10,"column":2}},"2":{"start":{"line":6,"column":25},"end":{"line":6,"column":53}},"3":{"start":{"line":7,"column":26},"end":{"line":7,"column":44}},"4":{"start":{"line":8,"column":31},"end":{"line":8,"column":52}}},"fnMap":{"0":{"name":"(anonymous_0)","decl":{"start":{"line":6,"column":10},"end":{"line":6,"column":11}},"loc":{"start":{"line":6,"column":25},"end":{"line":6,"column":53}}},"1":{"name":"(anonymous_1)","decl":{"start":{"line":7,"column":11},"end":{"line":7,"column":12}},"loc":{"start":{"line":7,"column":26},"end":{"line":7,"column":44}}},"2":{"name":"(anonymous_2)","decl":{"start":{"line":8,"column":16},"end":{"line":8,"column":17}},"loc":{"start":{"line":8,"column":31},"end":{"line":8,"column":52}}}},"branchMap":{},"s":{"0":2,"1":2,"2":5,"3":5,"4":5},"f":{"0":5,"1":5,"2":5},"b":{}}
,"/home/oem/Desktop/Projects/testHubert/Hubert-Test/src/components/HistoryPages/index.tsx": {"path":"/home/oem/Desktop/Projects/testHubert/Hubert-Test/src/components/HistoryPages/index.tsx","statementMap":{"0":{"start":{"line":2,"column":0},"end":{"line":2,"column":60}},"1":{"start":{"line":3,"column":0},"end":{"line":3,"column":50}},"2":{"start":{"line":9,"column":53},"end":{"line":31,"column":1}},"3":{"start":{"line":10,"column":19},"end":{"line":10,"column":32}},"4":{"start":{"line":12,"column":25},"end":{"line":14,"column":3}},"5":{"start":{"line":13,"column":4},"end":{"line":13,"column":18}},"6":{"start":{"line":16,"column":2},"end":{"line":30,"column":4}},"7":{"start":{"line":9,"column":13},"end":{"line":9,"column":53}}},"fnMap":{"0":{"name":"(anonymous_0)","decl":{"start":{"line":9,"column":53},"end":{"line":9,"column":54}},"loc":{"start":{"line":9,"column":69},"end":{"line":31,"column":1}}},"1":{"name":"(anonymous_1)","decl":{"start":{"line":12,"column":25},"end":{"line":12,"column":28}},"loc":{"start":{"line":12,"column":30},"end":{"line":14,"column":3}}}},"branchMap":{"0":{"loc":{"start":{"line":23,"column":7},"end":{"line":27,"column":null}},"type":"binary-expr","locations":[{"start":{"line":23,"column":7},"end":{"line":23,"column":14}},{"start":{"line":24,"column":8},"end":{"line":26,"column":null}}]}},"s":{"0":3,"1":3,"2":3,"3":21,"4":21,"5":1,"6":21,"7":3},"f":{"0":21,"1":1},"b":{"0":[21,4]}}
,"/home/oem/Desktop/Projects/testHubert/Hubert-Test/src/components/HistoryPages/styles.ts": {"path":"/home/oem/Desktop/Projects/testHubert/Hubert-Test/src/components/HistoryPages/styles.ts","statementMap":{"0":{"start":{"line":1,"column":0},"end":{"line":1,"column":61}},"1":{"start":{"line":2,"column":0},"end":{"line":2,"column":48}},"2":{"start":{"line":8,"column":13},"end":{"line":15,"column":2}},"3":{"start":{"line":17,"column":13},"end":{"line":32,"column":2}},"4":{"start":{"line":18,"column":25},"end":{"line":18,"column":53}},"5":{"start":{"line":19,"column":26},"end":{"line":19,"column":47}},"6":{"start":{"line":22,"column":4},"end":{"line":25,"column":null}},"7":{"start":{"line":28,"column":28},"end":{"line":28,"column":49}},"8":{"start":{"line":34,"column":13},"end":{"line":38,"column":2}},"9":{"start":{"line":37,"column":26},"end":{"line":37,"column":47}}},"fnMap":{"0":{"name":"(anonymous_0)","decl":{"start":{"line":18,"column":10},"end":{"line":18,"column":11}},"loc":{"start":{"line":18,"column":25},"end":{"line":18,"column":53}}},"1":{"name":"(anonymous_1)","decl":{"start":{"line":19,"column":11},"end":{"line":19,"column":12}},"loc":{"start":{"line":19,"column":26},"end":{"line":19,"column":47}}},"2":{"name":"(anonymous_2)","decl":{"start":{"line":21,"column":4},"end":{"line":21,"column":5}},"loc":{"start":{"line":22,"column":4},"end":{"line":25,"column":null}}},"3":{"name":"(anonymous_3)","decl":{"start":{"line":28,"column":13},"end":{"line":28,"column":14}},"loc":{"start":{"line":28,"column":28},"end":{"line":28,"column":49}}},"4":{"name":"(anonymous_4)","decl":{"start":{"line":37,"column":11},"end":{"line":37,"column":12}},"loc":{"start":{"line":37,"column":26},"end":{"line":37,"column":47}}}},"branchMap":{"0":{"loc":{"start":{"line":22,"column":4},"end":{"line":25,"column":null}},"type":"binary-expr","locations":[{"start":{"line":22,"column":4},"end":{"line":22,"column":10}},{"start":{"line":23,"column":4},"end":{"line":25,"column":null}}]}},"s":{"0":3,"1":3,"2":3,"3":3,"4":46,"5":46,"6":46,"7":46,"8":3,"9":25},"f":{"0":46,"1":46,"2":46,"3":46,"4":25},"b":{"0":[46,21]}}
,"/home/oem/Desktop/Projects/testHubert/Hubert-Test/src/components/InputSearch/index.tsx": {"path":"/home/oem/Desktop/Projects/testHubert/Hubert-Test/src/components/InputSearch/index.tsx","statementMap":{"0":{"start":{"line":2,"column":0},"end":{"line":2,"column":55}},"1":{"start":{"line":3,"column":0},"end":{"line":3,"column":49}},"2":{"start":{"line":4,"column":0},"end":{"line":4,"column":32}},"3":{"start":{"line":6,"column":66},"end":{"line":17,"column":1}},"4":{"start":{"line":9,"column":2},"end":{"line":16,"column":4}},"5":{"start":{"line":6,"column":13},"end":{"line":6,"column":66}}},"fnMap":{"0":{"name":"(anonymous_0)","decl":{"start":{"line":6,"column":66},"end":{"line":6,"column":67}},"loc":{"start":{"line":8,"column":5},"end":{"line":17,"column":1}}}},"branchMap":{},"s":{"0":2,"1":2,"2":2,"3":2,"4":16,"5":2},"f":{"0":16},"b":{}}
,"/home/oem/Desktop/Projects/testHubert/Hubert-Test/src/components/InputSearch/styles.ts": {"path":"/home/oem/Desktop/Projects/testHubert/Hubert-Test/src/components/InputSearch/styles.ts","statementMap":{"0":{"start":{"line":1,"column":0},"end":{"line":1,"column":39}},"1":{"start":{"line":3,"column":13},"end":{"line":17,"column":2}},"2":{"start":{"line":10,"column":37},"end":{"line":10,"column":58}},"3":{"start":{"line":15,"column":39},"end":{"line":15,"column":60}},"4":{"start":{"line":19,"column":13},"end":{"line":32,"column":2}},"5":{"start":{"line":24,"column":26},"end":{"line":24,"column":47}},"6":{"start":{"line":25,"column":25},"end":{"line":25,"column":53}},"7":{"start":{"line":30,"column":28},"end":{"line":30,"column":49}},"8":{"start":{"line":34,"column":13},"end":{"line":37,"column":2}}},"fnMap":{"0":{"name":"(anonymous_0)","decl":{"start":{"line":10,"column":22},"end":{"line":10,"column":23}},"loc":{"start":{"line":10,"column":37},"end":{"line":10,"column":58}}},"1":{"name":"(anonymous_1)","decl":{"start":{"line":15,"column":24},"end":{"line":15,"column":25}},"loc":{"start":{"line":15,"column":39},"end":{"line":15,"column":60}}},"2":{"name":"(anonymous_2)","decl":{"start":{"line":24,"column":11},"end":{"line":24,"column":12}},"loc":{"start":{"line":24,"column":26},"end":{"line":24,"column":47}}},"3":{"name":"(anonymous_3)","decl":{"start":{"line":25,"column":10},"end":{"line":25,"column":11}},"loc":{"start":{"line":25,"column":25},"end":{"line":25,"column":53}}},"4":{"name":"(anonymous_4)","decl":{"start":{"line":30,"column":13},"end":{"line":30,"column":14}},"loc":{"start":{"line":30,"column":28},"end":{"line":30,"column":49}}}},"branchMap":{},"s":{"0":2,"1":2,"2":16,"3":16,"4":2,"5":16,"6":16,"7":16,"8":2},"f":{"0":16,"1":16,"2":16,"3":16,"4":16},"b":{}}
,"/home/oem/Desktop/Projects/testHubert/Hubert-Test/src/components/Loading/index.tsx": {"path":"/home/oem/Desktop/Projects/testHubert/Hubert-Test/src/components/Loading/index.tsx","statementMap":{"0":{"start":{"line":2,"column":0},"end":{"line":2,"column":35}},"1":{"start":{"line":4,"column":33},"end":{"line":6,"column":1}},"2":{"start":{"line":5,"column":2},"end":{"line":5,"column":21}},"3":{"start":{"line":4,"column":13},"end":{"line":4,"column":33}}},"fnMap":{"0":{"name":"(anonymous_0)","decl":{"start":{"line":4,"column":33},"end":{"line":4,"column":36}},"loc":{"start":{"line":4,"column":38},"end":{"line":6,"column":1}}}},"branchMap":{},"s":{"0":1,"1":1,"2":11,"3":1},"f":{"0":11},"b":{}}
,"/home/oem/Desktop/Projects/testHubert/Hubert-Test/src/components/Loading/styles.ts": {"path":"/home/oem/Desktop/Projects/testHubert/Hubert-Test/src/components/Loading/styles.ts","statementMap":{"0":{"start":{"line":1,"column":0},"end":{"line":1,"column":48}},"1":{"start":{"line":3,"column":13},"end":{"line":23,"column":2}},"2":{"start":{"line":11,"column":4},"end":{"line":14,"column":null}}},"fnMap":{"0":{"name":"(anonymous_0)","decl":{"start":{"line":10,"column":4},"end":{"line":10,"column":5}},"loc":{"start":{"line":11,"column":4},"end":{"line":14,"column":null}}}},"branchMap":{},"s":{"0":1,"1":1,"2":11},"f":{"0":11},"b":{}}
,"/home/oem/Desktop/Projects/testHubert/Hubert-Test/src/components/Pagination/index.tsx": {"path":"/home/oem/Desktop/Projects/testHubert/Hubert-Test/src/components/Pagination/index.tsx","statementMap":{"0":{"start":{"line":2,"column":0},"end":{"line":2,"column":55}},"1":{"start":{"line":10,"column":49},"end":{"line":28,"column":1}},"2":{"start":{"line":15,"column":2},"end":{"line":27,"column":4}},"3":{"start":{"line":18,"column":8},"end":{"line":20,"column":null}},"4":{"start":{"line":21,"column":25},"end":{"line":21,"column":45}},"5":{"start":{"line":10,"column":13},"end":{"line":10,"column":49}}},"fnMap":{"0":{"name":"(anonymous_0)","decl":{"start":{"line":10,"column":49},"end":{"line":10,"column":50}},"loc":{"start":{"line":14,"column":5},"end":{"line":28,"column":1}}},"1":{"name":"(anonymous_1)","decl":{"start":{"line":17,"column":32},"end":{"line":17,"column":33}},"loc":{"start":{"line":18,"column":8},"end":{"line":20,"column":null}}},"2":{"name":"(anonymous_2)","decl":{"start":{"line":21,"column":19},"end":{"line":21,"column":22}},"loc":{"start":{"line":21,"column":25},"end":{"line":21,"column":45}}}},"branchMap":{},"s":{"0":2,"1":2,"2":13,"3":10,"4":1,"5":2},"f":{"0":13,"1":10,"2":1},"b":{}}
,"/home/oem/Desktop/Projects/testHubert/Hubert-Test/src/components/Pagination/styles.ts": {"path":"/home/oem/Desktop/Projects/testHubert/Hubert-Test/src/components/Pagination/styles.ts","statementMap":{"0":{"start":{"line":1,"column":0},"end":{"line":1,"column":48}},"1":{"start":{"line":7,"column":13},"end":{"line":17,"column":2}},"2":{"start":{"line":19,"column":13},"end":{"line":35,"column":2}},"3":{"start":{"line":20,"column":25},"end":{"line":20,"column":53}},"4":{"start":{"line":21,"column":37},"end":{"line":21,"column":55}},"5":{"start":{"line":26,"column":4},"end":{"line":30,"column":null}},"6":{"start":{"line":33,"column":27},"end":{"line":33,"column":60}}},"fnMap":{"0":{"name":"(anonymous_0)","decl":{"start":{"line":20,"column":10},"end":{"line":20,"column":11}},"loc":{"start":{"line":20,"column":25},"end":{"line":20,"column":53}}},"1":{"name":"(anonymous_1)","decl":{"start":{"line":21,"column":22},"end":{"line":21,"column":23}},"loc":{"start":{"line":21,"column":37},"end":{"line":21,"column":55}}},"2":{"name":"(anonymous_2)","decl":{"start":{"line":25,"column":4},"end":{"line":25,"column":5}},"loc":{"start":{"line":26,"column":4},"end":{"line":30,"column":null}}},"3":{"name":"(anonymous_3)","decl":{"start":{"line":33,"column":12},"end":{"line":33,"column":13}},"loc":{"start":{"line":33,"column":27},"end":{"line":33,"column":60}}}},"branchMap":{"0":{"loc":{"start":{"line":26,"column":4},"end":{"line":30,"column":null}},"type":"binary-expr","locations":[{"start":{"line":26,"column":4},"end":{"line":26,"column":10}},{"start":{"line":27,"column":4},"end":{"line":30,"column":null}}]}},"s":{"0":2,"1":2,"2":2,"3":10,"4":10,"5":10,"6":10},"f":{"0":10,"1":10,"2":10,"3":10},"b":{"0":[10,2]}}
,"/home/oem/Desktop/Projects/testHubert/Hubert-Test/src/components/ProductDetailText/index.tsx": {"path":"/home/oem/Desktop/Projects/testHubert/Hubert-Test/src/components/ProductDetailText/index.tsx","statementMap":{"0":{"start":{"line":2,"column":0},"end":{"line":2,"column":43}},"1":{"start":{"line":9,"column":63},"end":{"line":20,"column":1}},"2":{"start":{"line":13,"column":2},"end":{"line":19,"column":4}},"3":{"start":{"line":9,"column":13},"end":{"line":9,"column":63}}},"fnMap":{"0":{"name":"(anonymous_0)","decl":{"start":{"line":9,"column":63},"end":{"line":9,"column":64}},"loc":{"start":{"line":12,"column":5},"end":{"line":20,"column":1}}}},"branchMap":{},"s":{"0":2,"1":2,"2":23,"3":2},"f":{"0":23},"b":{}}
,"/home/oem/Desktop/Projects/testHubert/Hubert-Test/src/components/ProductDetailText/styles.ts": {"path":"/home/oem/Desktop/Projects/testHubert/Hubert-Test/src/components/ProductDetailText/styles.ts","statementMap":{"0":{"start":{"line":1,"column":0},"end":{"line":1,"column":39}},"1":{"start":{"line":3,"column":13},"end":{"line":5,"column":2}},"2":{"start":{"line":7,"column":13},"end":{"line":14,"column":2}},"3":{"start":{"line":12,"column":25},"end":{"line":12,"column":58}},"4":{"start":{"line":13,"column":26},"end":{"line":13,"column":47}}},"fnMap":{"0":{"name":"(anonymous_0)","decl":{"start":{"line":12,"column":10},"end":{"line":12,"column":11}},"loc":{"start":{"line":12,"column":25},"end":{"line":12,"column":58}}},"1":{"name":"(anonymous_1)","decl":{"start":{"line":13,"column":11},"end":{"line":13,"column":12}},"loc":{"start":{"line":13,"column":26},"end":{"line":13,"column":47}}}},"branchMap":{},"s":{"0":2,"1":2,"2":2,"3":23,"4":23},"f":{"0":23,"1":23},"b":{}}
,"/home/oem/Desktop/Projects/testHubert/Hubert-Test/src/components/Table/index.tsx": {"path":"/home/oem/Desktop/Projects/testHubert/Hubert-Test/src/components/Table/index.tsx","statementMap":{"0":{"start":{"line":2,"column":0},"end":{"line":2,"column":47}},"1":{"start":{"line":4,"column":0},"end":{"line":4,"column":62}},"2":{"start":{"line":5,"column":0},"end":{"line":5,"column":63}},"3":{"start":{"line":6,"column":0},"end":{"line":6,"column":78}},"4":{"start":{"line":12,"column":39},"end":{"line":48,"column":1}},"5":{"start":{"line":13,"column":19},"end":{"line":13,"column":32}},"6":{"start":{"line":15,"column":2},"end":{"line":47,"column":4}},"7":{"start":{"line":20,"column":12},"end":{"line":20,"column":38}},"8":{"start":{"line":26,"column":10},"end":{"line":27,"column":null}},"9":{"start":{"line":29,"column":14},"end":{"line":29,"column":69}},"10":{"start":{"line":12,"column":13},"end":{"line":12,"column":39}}},"fnMap":{"0":{"name":"(anonymous_0)","decl":{"start":{"line":12,"column":39},"end":{"line":12,"column":40}},"loc":{"start":{"line":12,"column":52},"end":{"line":48,"column":1}}},"1":{"name":"(anonymous_1)","decl":{"start":{"line":19,"column":33},"end":{"line":19,"column":34}},"loc":{"start":{"line":20,"column":12},"end":{"line":20,"column":38}}},"2":{"name":"(anonymous_2)","decl":{"start":{"line":25,"column":18},"end":{"line":25,"column":19}},"loc":{"start":{"line":26,"column":10},"end":{"line":27,"column":null}}},"3":{"name":"(anonymous_3)","decl":{"start":{"line":28,"column":21},"end":{"line":28,"column":24}},"loc":{"start":{"line":29,"column":14},"end":{"line":29,"column":69}}}},"branchMap":{},"s":{"0":2,"1":2,"2":2,"3":2,"4":2,"5":5,"6":5,"7":35,"8":10,"9":1,"10":2},"f":{"0":5,"1":35,"2":10,"3":1},"b":{}}
,"/home/oem/Desktop/Projects/testHubert/Hubert-Test/src/components/Table/styles.ts": {"path":"/home/oem/Desktop/Projects/testHubert/Hubert-Test/src/components/Table/styles.ts","statementMap":{"0":{"start":{"line":1,"column":0},"end":{"line":1,"column":57}},"1":{"start":{"line":2,"column":0},"end":{"line":2,"column":39}},"2":{"start":{"line":4,"column":13},"end":{"line":9,"column":2}},"3":{"start":{"line":11,"column":13},"end":{"line":11,"column":42}},"4":{"start":{"line":13,"column":13},"end":{"line":22,"column":2}},"5":{"start":{"line":14,"column":31},"end":{"line":14,"column":54}},"6":{"start":{"line":16,"column":25},"end":{"line":16,"column":53}},"7":{"start":{"line":17,"column":26},"end":{"line":17,"column":47}},"8":{"start":{"line":20,"column":27},"end":{"line":20,"column":60}},"9":{"start":{"line":24,"column":13},"end":{"line":32,"column":2}},"10":{"start":{"line":25,"column":44},"end":{"line":25,"column":67}},"11":{"start":{"line":29,"column":33},"end":{"line":29,"column":56}},"12":{"start":{"line":34,"column":13},"end":{"line":43,"column":2}},"13":{"start":{"line":37,"column":25},"end":{"line":37,"column":53}},"14":{"start":{"line":38,"column":26},"end":{"line":38,"column":47}},"15":{"start":{"line":41,"column":27},"end":{"line":41,"column":60}},"16":{"start":{"line":45,"column":13},"end":{"line":49,"column":2}},"17":{"start":{"line":48,"column":26},"end":{"line":48,"column":47}}},"fnMap":{"0":{"name":"(anonymous_0)","decl":{"start":{"line":14,"column":16},"end":{"line":14,"column":17}},"loc":{"start":{"line":14,"column":31},"end":{"line":14,"column":54}}},"1":{"name":"(anonymous_1)","decl":{"start":{"line":16,"column":10},"end":{"line":16,"column":11}},"loc":{"start":{"line":16,"column":25},"end":{"line":16,"column":53}}},"2":{"name":"(anonymous_2)","decl":{"start":{"line":17,"column":11},"end":{"line":17,"column":12}},"loc":{"start":{"line":17,"column":26},"end":{"line":17,"column":47}}},"3":{"name":"(anonymous_3)","decl":{"start":{"line":20,"column":12},"end":{"line":20,"column":13}},"loc":{"start":{"line":20,"column":27},"end":{"line":20,"column":60}}},"4":{"name":"(anonymous_4)","decl":{"start":{"line":25,"column":29},"end":{"line":25,"column":30}},"loc":{"start":{"line":25,"column":44},"end":{"line":25,"column":67}}},"5":{"name":"(anonymous_5)","decl":{"start":{"line":29,"column":18},"end":{"line":29,"column":19}},"loc":{"start":{"line":29,"column":33},"end":{"line":29,"column":56}}},"6":{"name":"(anonymous_6)","decl":{"start":{"line":37,"column":10},"end":{"line":37,"column":11}},"loc":{"start":{"line":37,"column":25},"end":{"line":37,"column":53}}},"7":{"name":"(anonymous_7)","decl":{"start":{"line":38,"column":11},"end":{"line":38,"column":12}},"loc":{"start":{"line":38,"column":26},"end":{"line":38,"column":47}}},"8":{"name":"(anonymous_8)","decl":{"start":{"line":41,"column":12},"end":{"line":41,"column":13}},"loc":{"start":{"line":41,"column":27},"end":{"line":41,"column":60}}},"9":{"name":"(anonymous_9)","decl":{"start":{"line":48,"column":11},"end":{"line":48,"column":12}},"loc":{"start":{"line":48,"column":26},"end":{"line":48,"column":47}}}},"branchMap":{},"s":{"0":2,"1":2,"2":2,"3":2,"4":2,"5":35,"6":35,"7":35,"8":35,"9":2,"10":10,"11":10,"12":2,"13":70,"14":70,"15":70,"16":2,"17":10},"f":{"0":35,"1":35,"2":35,"3":35,"4":10,"5":10,"6":70,"7":70,"8":70,"9":10},"b":{}}
,"/home/oem/Desktop/Projects/testHubert/Hubert-Test/src/hooks/usePagination.ts": {"path":"/home/oem/Desktop/Projects/testHubert/Hubert-Test/src/hooks/usePagination.ts","statementMap":{"0":{"start":{"line":1,"column":0},"end":{"line":1,"column":44}},"1":{"start":{"line":4,"column":29},"end":{"line":25,"column":1}},"2":{"start":{"line":5,"column":42},"end":{"line":5,"column":53}},"3":{"start":{"line":6,"column":40},"end":{"line":6,"column":51}},"4":{"start":{"line":7,"column":42},"end":{"line":7,"column":66}},"5":{"start":{"line":9,"column":16},"end":{"line":9,"column":57}},"6":{"start":{"line":11,"column":21},"end":{"line":11,"column":47}},"7":{"start":{"line":12,"column":19},"end":{"line":12,"column":44}},"8":{"start":{"line":14,"column":2},"end":{"line":16,"column":30}},"9":{"start":{"line":15,"column":4},"end":{"line":15,"column":58}},"10":{"start":{"line":18,"column":2},"end":{"line":24,"column":4}},"11":{"start":{"line":4,"column":13},"end":{"line":4,"column":29}}},"fnMap":{"0":{"name":"(anonymous_0)","decl":{"start":{"line":4,"column":29},"end":{"line":4,"column":30}},"loc":{"start":{"line":4,"column":54},"end":{"line":25,"column":1}}},"1":{"name":"(anonymous_1)","decl":{"start":{"line":14,"column":12},"end":{"line":14,"column":15}},"loc":{"start":{"line":14,"column":17},"end":{"line":16,"column":3}}}},"branchMap":{},"s":{"0":1,"1":1,"2":15,"3":15,"4":15,"5":15,"6":15,"7":15,"8":15,"9":5,"10":15,"11":1},"f":{"0":15,"1":5},"b":{}}
,"/home/oem/Desktop/Projects/testHubert/Hubert-Test/src/hooks/useProducts.ts": {"path":"/home/oem/Desktop/Projects/testHubert/Hubert-Test/src/hooks/useProducts.ts","statementMap":{"0":{"start":{"line":1,"column":0},"end":{"line":1,"column":33}},"1":{"start":{"line":3,"column":0},"end":{"line":3,"column":34}},"2":{"start":{"line":5,"column":27},"end":{"line":27,"column":1}},"3":{"start":{"line":6,"column":34},"end":{"line":6,"column":58}},"4":{"start":{"line":7,"column":42},"end":{"line":7,"column":66}},"5":{"start":{"line":9,"column":25},"end":{"line":19,"column":3}},"6":{"start":{"line":10,"column":4},"end":{"line":18,"column":null}},"7":{"start":{"line":11,"column":23},"end":{"line":11,"column":49}},"8":{"start":{"line":17,"column":6},"end":{"line":17,"column":16}},"9":{"start":{"line":21,"column":2},"end":{"line":26,"column":4}},"10":{"start":{"line":5,"column":13},"end":{"line":5,"column":27}}},"fnMap":{"0":{"name":"(anonymous_0)","decl":{"start":{"line":5,"column":27},"end":{"line":5,"column":30}},"loc":{"start":{"line":5,"column":32},"end":{"line":27,"column":1}}},"1":{"name":"(anonymous_1)","decl":{"start":{"line":9,"column":25},"end":{"line":9,"column":30}},"loc":{"start":{"line":9,"column":36},"end":{"line":19,"column":3}}}},"branchMap":{},"s":{"0":1,"1":1,"2":1,"3":15,"4":15,"5":15,"6":7,"7":7,"8":7,"9":15,"10":1},"f":{"0":15,"1":7},"b":{}}
,"/home/oem/Desktop/Projects/testHubert/Hubert-Test/src/pages/Details/index.tsx": {"path":"/home/oem/Desktop/Projects/testHubert/Hubert-Test/src/pages/Details/index.tsx","statementMap":{"0":{"start":{"line":1,"column":0},"end":{"line":1,"column":40}},"1":{"start":{"line":2,"column":0},"end":{"line":2,"column":60}},"2":{"start":{"line":4,"column":0},"end":{"line":4,"column":57}},"3":{"start":{"line":5,"column":0},"end":{"line":5,"column":61}},"4":{"start":{"line":6,"column":0},"end":{"line":6,"column":71}},"5":{"start":{"line":7,"column":0},"end":{"line":7,"column":63}},"6":{"start":{"line":8,"column":0},"end":{"line":8,"column":57}},"7":{"start":{"line":9,"column":0},"end":{"line":9,"column":76}},"8":{"start":{"line":11,"column":33},"end":{"line":53,"column":1}},"9":{"start":{"line":12,"column":20},"end":{"line":12,"column":33}},"10":{"start":{"line":13,"column":19},"end":{"line":13,"column":32}},"11":{"start":{"line":14,"column":44},"end":{"line":14,"column":69}},"12":{"start":{"line":16,"column":31},"end":{"line":18,"column":3}},"13":{"start":{"line":17,"column":4},"end":{"line":17,"column":18}},"14":{"start":{"line":20,"column":2},"end":{"line":52,"column":4}},"15":{"start":{"line":11,"column":13},"end":{"line":11,"column":33}}},"fnMap":{"0":{"name":"(anonymous_0)","decl":{"start":{"line":11,"column":33},"end":{"line":11,"column":34}},"loc":{"start":{"line":11,"column":43},"end":{"line":53,"column":1}}},"1":{"name":"(anonymous_1)","decl":{"start":{"line":16,"column":31},"end":{"line":16,"column":34}},"loc":{"start":{"line":16,"column":36},"end":{"line":18,"column":3}}}},"branchMap":{},"s":{"0":1,"1":1,"2":1,"3":1,"4":1,"5":1,"6":1,"7":1,"8":1,"9":3,"10":3,"11":3,"12":3,"13":1,"14":3,"15":1},"f":{"0":3,"1":1},"b":{}}
,"/home/oem/Desktop/Projects/testHubert/Hubert-Test/src/pages/Details/styles.ts": {"path":"/home/oem/Desktop/Projects/testHubert/Hubert-Test/src/pages/Details/styles.ts","statementMap":{"0":{"start":{"line":1,"column":0},"end":{"line":1,"column":39}},"1":{"start":{"line":7,"column":13},"end":{"line":10,"column":2}},"2":{"start":{"line":8,"column":31},"end":{"line":8,"column":49}},"3":{"start":{"line":12,"column":13},"end":{"line":15,"column":2}},"4":{"start":{"line":13,"column":25},"end":{"line":13,"column":53}},"5":{"start":{"line":14,"column":26},"end":{"line":14,"column":47}},"6":{"start":{"line":17,"column":13},"end":{"line":29,"column":2}},"7":{"start":{"line":31,"column":13},"end":{"line":36,"column":2}},"8":{"start":{"line":35,"column":44},"end":{"line":35,"column":49}}},"fnMap":{"0":{"name":"(anonymous_0)","decl":{"start":{"line":8,"column":16},"end":{"line":8,"column":17}},"loc":{"start":{"line":8,"column":31},"end":{"line":8,"column":49}}},"1":{"name":"(anonymous_1)","decl":{"start":{"line":13,"column":10},"end":{"line":13,"column":11}},"loc":{"start":{"line":13,"column":25},"end":{"line":13,"column":53}}},"2":{"name":"(anonymous_2)","decl":{"start":{"line":14,"column":11},"end":{"line":14,"column":12}},"loc":{"start":{"line":14,"column":26},"end":{"line":14,"column":47}}},"3":{"name":"(anonymous_3)","decl":{"start":{"line":35,"column":22},"end":{"line":35,"column":23}},"loc":{"start":{"line":35,"column":44},"end":{"line":35,"column":49}}}},"branchMap":{},"s":{"0":1,"1":1,"2":3,"3":1,"4":3,"5":3,"6":1,"7":1,"8":3},"f":{"0":3,"1":3,"2":3,"3":3},"b":{}}
,"/home/oem/Desktop/Projects/testHubert/Hubert-Test/src/pages/Home/index.tsx": {"path":"/home/oem/Desktop/Projects/testHubert/Hubert-Test/src/pages/Home/index.tsx","statementMap":{"0":{"start":{"line":1,"column":0},"end":{"line":1,"column":51}},"1":{"start":{"line":2,"column":0},"end":{"line":2,"column":61}},"2":{"start":{"line":3,"column":0},"end":{"line":3,"column":59}},"3":{"start":{"line":4,"column":0},"end":{"line":4,"column":51}},"4":{"start":{"line":5,"column":0},"end":{"line":5,"column":57}},"5":{"start":{"line":6,"column":0},"end":{"line":6,"column":47}},"6":{"start":{"line":7,"column":0},"end":{"line":7,"column":58}},"7":{"start":{"line":8,"column":0},"end":{"line":8,"column":54}},"8":{"start":{"line":9,"column":0},"end":{"line":9,"column":57}},"9":{"start":{"line":10,"column":0},"end":{"line":10,"column":null}},"10":{"start":{"line":17,"column":30},"end":{"line":96,"column":1}},"11":{"start":{"line":18,"column":30},"end":{"line":18,"column":50}},"12":{"start":{"line":19,"column":32},"end":{"line":19,"column":56}},"13":{"start":{"line":21,"column":53},"end":{"line":21,"column":66}},"14":{"start":{"line":23,"column":4},"end":{"line":23,"column":27}},"15":{"start":{"line":25,"column":2},"end":{"line":29,"column":9}},"16":{"start":{"line":26,"column":4},"end":{"line":26,"column":21}},"17":{"start":{"line":27,"column":4},"end":{"line":27,"column":21}},"18":{"start":{"line":28,"column":4},"end":{"line":28,"column":22}},"19":{"start":{"line":31,"column":28},"end":{"line":46,"column":3}},"20":{"start":{"line":32,"column":4},"end":{"line":32,"column":20}},"21":{"start":{"line":34,"column":4},"end":{"line":45,"column":null}},"22":{"start":{"line":40,"column":6},"end":{"line":42,"column":null}},"23":{"start":{"line":41,"column":8},"end":{"line":41,"column":34}},"24":{"start":{"line":44,"column":6},"end":{"line":44,"column":23}},"25":{"start":{"line":48,"column":28},"end":{"line":54,"column":3}},"26":{"start":{"line":49,"column":4},"end":{"line":49,"column":21}},"27":{"start":{"line":50,"column":4},"end":{"line":50,"column":21}},"28":{"start":{"line":51,"column":4},"end":{"line":51,"column":18}},"29":{"start":{"line":52,"column":4},"end":{"line":52,"column":22}},"30":{"start":{"line":53,"column":4},"end":{"line":53,"column":22}},"31":{"start":{"line":56,"column":30},"end":{"line":65,"column":3}},"32":{"start":{"line":57,"column":4},"end":{"line":64,"column":null}},"33":{"start":{"line":58,"column":6},"end":{"line":58,"column":25}},"34":{"start":{"line":59,"column":11},"end":{"line":64,"column":null}},"35":{"start":{"line":60,"column":6},"end":{"line":60,"column":75}},"36":{"start":{"line":67,"column":2},"end":{"line":95,"column":4}},"37":{"start":{"line":75,"column":12},"end":{"line":75,"column":71}},"38":{"start":{"line":17,"column":13},"end":{"line":17,"column":30}}},"fnMap":{"0":{"name":"(anonymous_0)","decl":{"start":{"line":17,"column":30},"end":{"line":17,"column":33}},"loc":{"start":{"line":17,"column":35},"end":{"line":96,"column":1}}},"1":{"name":"(anonymous_1)","decl":{"start":{"line":25,"column":12},"end":{"line":25,"column":15}},"loc":{"start":{"line":25,"column":17},"end":{"line":29,"column":3}}},"2":{"name":"(anonymous_2)","decl":{"start":{"line":31,"column":28},"end":{"line":31,"column":29}},"loc":{"start":{"line":31,"column":45},"end":{"line":46,"column":3}}},"3":{"name":"(anonymous_3)","decl":{"start":{"line":48,"column":28},"end":{"line":48,"column":31}},"loc":{"start":{"line":48,"column":33},"end":{"line":54,"column":3}}},"4":{"name":"(anonymous_4)","decl":{"start":{"line":56,"column":30},"end":{"line":56,"column":33}},"loc":{"start":{"line":56,"column":35},"end":{"line":65,"column":3}}},"5":{"name":"(anonymous_5)","decl":{"start":{"line":74,"column":20},"end":{"line":74,"column":21}},"loc":{"start":{"line":75,"column":12},"end":{"line":75,"column":71}}}},"branchMap":{"0":{"loc":{"start":{"line":34,"column":4},"end":{"line":45,"column":null}},"type":"if","locations":[{"start":{"line":34,"column":4},"end":{"line":45,"column":null}},{"start":{"line":43,"column":11},"end":{"line":45,"column":null}}]},"1":{"loc":{"start":{"line":40,"column":6},"end":{"line":42,"column":null}},"type":"if","locations":[{"start":{"line":40,"column":6},"end":{"line":42,"column":null}}]},"2":{"loc":{"start":{"line":57,"column":4},"end":{"line":64,"column":null}},"type":"if","locations":[{"start":{"line":57,"column":4},"end":{"line":64,"column":null}},{"start":{"line":59,"column":11},"end":{"line":64,"column":null}}]},"3":{"loc":{"start":{"line":57,"column":8},"end":{"line":57,"column":44}},"type":"binary-expr","locations":[{"start":{"line":57,"column":8},"end":{"line":57,"column":33}},{"start":{"line":57,"column":37},"end":{"line":57,"column":44}}]},"4":{"loc":{"start":{"line":59,"column":11},"end":{"line":64,"column":null}},"type":"if","locations":[{"start":{"line":59,"column":11},"end":{"line":64,"column":null}},{"start":{"line":61,"column":11},"end":{"line":64,"column":null}}]},"5":{"loc":{"start":{"line":59,"column":15},"end":{"line":59,"column":50}},"type":"binary-expr","locations":[{"start":{"line":59,"column":15},"end":{"line":59,"column":40}},{"start":{"line":59,"column":44},"end":{"line":59,"column":50}}]},"6":{"loc":{"start":{"line":81,"column":7},"end":{"line":84,"column":null}},"type":"cond-expr","locations":[{"start":{"line":82,"column":8},"end":{"line":82,"column":60}},{"start":{"line":84,"column":8},"end":{"line":84,"column":19}}]},"7":{"loc":{"start":{"line":87,"column":7},"end":{"line":92,"column":null}},"type":"binary-expr","locations":[{"start":{"line":87,"column":7},"end":{"line":87,"column":14}},{"start":{"line":87,"column":18},"end":{"line":87,"column":26}},{"start":{"line":88,"column":8},"end":{"line":91,"column":null}}]}},"s":{"0":1,"1":1,"2":1,"3":1,"4":1,"5":1,"6":1,"7":1,"8":1,"9":1,"10":1,"11":15,"12":15,"13":15,"14":15,"15":15,"16":5,"17":5,"18":5,"19":15,"20":4,"21":4,"22":3,"23":3,"24":1,"25":15,"26":1,"27":1,"28":1,"29":1,"30":1,"31":15,"32":15,"33":12,"34":3,"35":3,"36":15,"37":4,"38":1},"f":{"0":15,"1":5,"2":4,"3":1,"4":15,"5":4},"b":{"0":[3,1],"1":[3],"2":[12,3],"3":[15,15],"4":[3,0],"5":[3,3],"6":[15,0],"7":[15,12,12]}}
,"/home/oem/Desktop/Projects/testHubert/Hubert-Test/src/pages/Home/styles.ts": {"path":"/home/oem/Desktop/Projects/testHubert/Hubert-Test/src/pages/Home/styles.ts","statementMap":{"0":{"start":{"line":1,"column":0},"end":{"line":1,"column":39}},"1":{"start":{"line":3,"column":13},"end":{"line":7,"column":2}},"2":{"start":{"line":9,"column":13},"end":{"line":17,"column":2}},"3":{"start":{"line":10,"column":25},"end":{"line":10,"column":58}},"4":{"start":{"line":11,"column":26},"end":{"line":11,"column":47}},"5":{"start":{"line":19,"column":13},"end":{"line":23,"column":2}},"6":{"start":{"line":20,"column":25},"end":{"line":20,"column":53}},"7":{"start":{"line":21,"column":26},"end":{"line":21,"column":47}},"8":{"start":{"line":25,"column":13},"end":{"line":35,"column":2}},"9":{"start":{"line":28,"column":31},"end":{"line":28,"column":49}}},"fnMap":{"0":{"name":"(anonymous_0)","decl":{"start":{"line":10,"column":10},"end":{"line":10,"column":11}},"loc":{"start":{"line":10,"column":25},"end":{"line":10,"column":58}}},"1":{"name":"(anonymous_1)","decl":{"start":{"line":11,"column":11},"end":{"line":11,"column":12}},"loc":{"start":{"line":11,"column":26},"end":{"line":11,"column":47}}},"2":{"name":"(anonymous_2)","decl":{"start":{"line":20,"column":10},"end":{"line":20,"column":11}},"loc":{"start":{"line":20,"column":25},"end":{"line":20,"column":53}}},"3":{"name":"(anonymous_3)","decl":{"start":{"line":21,"column":11},"end":{"line":21,"column":12}},"loc":{"start":{"line":21,"column":26},"end":{"line":21,"column":47}}},"4":{"name":"(anonymous_4)","decl":{"start":{"line":28,"column":16},"end":{"line":28,"column":17}},"loc":{"start":{"line":28,"column":31},"end":{"line":28,"column":49}}}},"branchMap":{},"s":{"0":1,"1":1,"2":1,"3":14,"4":14,"5":1,"6":3,"7":3,"8":1,"9":14},"f":{"0":14,"1":14,"2":3,"3":3,"4":14},"b":{}}
,"/home/oem/Desktop/Projects/testHubert/Hubert-Test/src/services/categories.ts": {"path":"/home/oem/Desktop/Projects/testHubert/Hubert-Test/src/services/categories.ts","statementMap":{"0":{"start":{"line":1,"column":13},"end":{"line":9,"column":2}}},"fnMap":{},"branchMap":{},"s":{"0":2},"f":{},"b":{}}
,"/home/oem/Desktop/Projects/testHubert/Hubert-Test/src/services/exampleProduct.ts": {"path":"/home/oem/Desktop/Projects/testHubert/Hubert-Test/src/services/exampleProduct.ts","statementMap":{"0":{"start":{"line":1,"column":13},"end":{"line":22,"column":2}},"1":{"start":{"line":24,"column":13},"end":{"line":33,"column":2}}},"fnMap":{},"branchMap":{},"s":{"0":3,"1":3},"f":{},"b":{}}
,"/home/oem/Desktop/Projects/testHubert/Hubert-Test/src/services/formatCurrency.ts": {"path":"/home/oem/Desktop/Projects/testHubert/Hubert-Test/src/services/formatCurrency.ts","statementMap":{"0":{"start":{"line":1,"column":13},"end":{"line":4,"column":3}}},"fnMap":{},"branchMap":{},"s":{"0":3},"f":{},"b":{}}
,"/home/oem/Desktop/Projects/testHubert/Hubert-Test/src/shared/AnimatedContainer/index.tsx": {"path":"/home/oem/Desktop/Projects/testHubert/Hubert-Test/src/shared/AnimatedContainer/index.tsx","statementMap":{"0":{"start":{"line":2,"column":0},"end":{"line":2,"column":37}},"1":{"start":{"line":8,"column":43},"end":{"line":10,"column":1}},"2":{"start":{"line":9,"column":2},"end":{"line":9,"column":43}},"3":{"start":{"line":8,"column":13},"end":{"line":8,"column":43}}},"fnMap":{"0":{"name":"(anonymous_0)","decl":{"start":{"line":8,"column":43},"end":{"line":8,"column":44}},"loc":{"start":{"line":8,"column":60},"end":{"line":10,"column":1}}}},"branchMap":{},"s":{"0":2,"1":2,"2":17,"3":2},"f":{"0":17},"b":{}}
,"/home/oem/Desktop/Projects/testHubert/Hubert-Test/src/shared/AnimatedContainer/styles.ts": {"path":"/home/oem/Desktop/Projects/testHubert/Hubert-Test/src/shared/AnimatedContainer/styles.ts","statementMap":{"0":{"start":{"line":1,"column":0},"end":{"line":1,"column":39}},"1":{"start":{"line":2,"column":0},"end":{"line":2,"column":39}},"2":{"start":{"line":4,"column":13},"end":{"line":18,"column":2}}},"fnMap":{},"branchMap":{},"s":{"0":2,"1":2,"2":2},"f":{},"b":{}}
,"/home/oem/Desktop/Projects/testHubert/Hubert-Test/src/theme/index.ts": {"path":"/home/oem/Desktop/Projects/testHubert/Hubert-Test/src/theme/index.ts","statementMap":{"0":{"start":{"line":1,"column":0},"end":{"line":1,"column":34}},"1":{"start":{"line":2,"column":0},"end":{"line":2,"column":38}},"2":{"start":{"line":4,"column":0},"end":{"line":10,"column":2}}},"fnMap":{},"branchMap":{},"s":{"0":8,"1":8,"2":8},"f":{},"b":{}}
,"/home/oem/Desktop/Projects/testHubert/Hubert-Test/src/theme/colors/index.ts": {"path":"/home/oem/Desktop/Projects/testHubert/Hubert-Test/src/theme/colors/index.ts","statementMap":{"0":{"start":{"line":1,"column":13},"end":{"line":9,"column":2}}},"fnMap":{},"branchMap":{},"s":{"0":8},"f":{},"b":{}}
,"/home/oem/Desktop/Projects/testHubert/Hubert-Test/src/theme/fonts/index.ts": {"path":"/home/oem/Desktop/Projects/testHubert/Hubert-Test/src/theme/fonts/index.ts","statementMap":{"0":{"start":{"line":1,"column":13},"end":{"line":10,"column":2}}},"fnMap":{},"branchMap":{},"s":{"0":8},"f":{},"b":{}}
}
