{"/home/oem/Desktop/Projects/Hubert/src/components/ButtonBack/index.tsx": {"path":"/home/oem/Desktop/Projects/Hubert/src/components/ButtonBack/index.tsx","statementMap":{"0":{"start":{"line":2,"column":0},"end":{"line":2,"column":37}},"1":{"start":{"line":8,"column":49},"end":{"line":10,"column":1}},"2":{"start":{"line":9,"column":2},"end":{"line":9,"column":53}},"3":{"start":{"line":8,"column":13},"end":{"line":8,"column":49}}},"fnMap":{"0":{"name":"(anonymous_0)","decl":{"start":{"line":8,"column":49},"end":{"line":8,"column":50}},"loc":{"start":{"line":8,"column":75},"end":{"line":10,"column":1}}}},"branchMap":{},"s":{"0":1,"1":1,"2":2,"3":1},"f":{"0":2},"b":{}}
,"/home/oem/Desktop/Projects/Hubert/src/components/ButtonBack/styles.ts": {"path":"/home/oem/Desktop/Projects/Hubert/src/components/ButtonBack/styles.ts","statementMap":{"0":{"start":{"line":1,"column":0},"end":{"line":1,"column":39}},"1":{"start":{"line":3,"column":13},"end":{"line":10,"column":2}},"2":{"start":{"line":6,"column":25},"end":{"line":6,"column":53}},"3":{"start":{"line":7,"column":26},"end":{"line":7,"column":44}},"4":{"start":{"line":8,"column":31},"end":{"line":8,"column":52}}},"fnMap":{"0":{"name":"(anonymous_0)","decl":{"start":{"line":6,"column":10},"end":{"line":6,"column":11}},"loc":{"start":{"line":6,"column":25},"end":{"line":6,"column":53}}},"1":{"name":"(anonymous_1)","decl":{"start":{"line":7,"column":11},"end":{"line":7,"column":12}},"loc":{"start":{"line":7,"column":26},"end":{"line":7,"column":44}}},"2":{"name":"(anonymous_2)","decl":{"start":{"line":8,"column":16},"end":{"line":8,"column":17}},"loc":{"start":{"line":8,"column":31},"end":{"line":8,"column":52}}}},"branchMap":{},"s":{"0":1,"1":1,"2":2,"3":2,"4":2},"f":{"0":2,"1":2,"2":2},"b":{}}
,"/home/oem/Desktop/Projects/Hubert/src/components/HistoryPages/index.tsx": {"path":"/home/oem/Desktop/Projects/Hubert/src/components/HistoryPages/index.tsx","statementMap":{"0":{"start":{"line":2,"column":0},"end":{"line":2,"column":60}},"1":{"start":{"line":3,"column":0},"end":{"line":3,"column":50}},"2":{"start":{"line":9,"column":53},"end":{"line":31,"column":1}},"3":{"start":{"line":10,"column":19},"end":{"line":10,"column":32}},"4":{"start":{"line":12,"column":25},"end":{"line":14,"column":3}},"5":{"start":{"line":13,"column":4},"end":{"line":13,"column":18}},"6":{"start":{"line":16,"column":2},"end":{"line":30,"column":4}},"7":{"start":{"line":9,"column":13},"end":{"line":9,"column":53}}},"fnMap":{"0":{"name":"(anonymous_0)","decl":{"start":{"line":9,"column":53},"end":{"line":9,"column":54}},"loc":{"start":{"line":9,"column":69},"end":{"line":31,"column":1}}},"1":{"name":"(anonymous_1)","decl":{"start":{"line":12,"column":25},"end":{"line":12,"column":28}},"loc":{"start":{"line":12,"column":30},"end":{"line":14,"column":3}}}},"branchMap":{"0":{"loc":{"start":{"line":23,"column":7},"end":{"line":27,"column":null}},"type":"binary-expr","locations":[{"start":{"line":23,"column":7},"end":{"line":23,"column":14}},{"start":{"line":24,"column":8},"end":{"line":26,"column":null}}]}},"s":{"0":1,"1":1,"2":1,"3":4,"4":4,"5":1,"6":4,"7":1},"f":{"0":4,"1":1},"b":{"0":[4,1]}}
,"/home/oem/Desktop/Projects/Hubert/src/components/HistoryPages/styles.ts": {"path":"/home/oem/Desktop/Projects/Hubert/src/components/HistoryPages/styles.ts","statementMap":{"0":{"start":{"line":1,"column":0},"end":{"line":1,"column":61}},"1":{"start":{"line":2,"column":0},"end":{"line":2,"column":48}},"2":{"start":{"line":8,"column":13},"end":{"line":15,"column":2}},"3":{"start":{"line":17,"column":13},"end":{"line":32,"column":2}},"4":{"start":{"line":18,"column":25},"end":{"line":18,"column":53}},"5":{"start":{"line":19,"column":26},"end":{"line":19,"column":47}},"6":{"start":{"line":22,"column":4},"end":{"line":25,"column":null}},"7":{"start":{"line":28,"column":28},"end":{"line":28,"column":49}},"8":{"start":{"line":34,"column":13},"end":{"line":38,"column":2}},"9":{"start":{"line":37,"column":26},"end":{"line":37,"column":47}}},"fnMap":{"0":{"name":"(anonymous_0)","decl":{"start":{"line":18,"column":10},"end":{"line":18,"column":11}},"loc":{"start":{"line":18,"column":25},"end":{"line":18,"column":53}}},"1":{"name":"(anonymous_1)","decl":{"start":{"line":19,"column":11},"end":{"line":19,"column":12}},"loc":{"start":{"line":19,"column":26},"end":{"line":19,"column":47}}},"2":{"name":"(anonymous_2)","decl":{"start":{"line":21,"column":4},"end":{"line":21,"column":5}},"loc":{"start":{"line":22,"column":4},"end":{"line":25,"column":null}}},"3":{"name":"(anonymous_3)","decl":{"start":{"line":28,"column":13},"end":{"line":28,"column":14}},"loc":{"start":{"line":28,"column":28},"end":{"line":28,"column":49}}},"4":{"name":"(anonymous_4)","decl":{"start":{"line":37,"column":11},"end":{"line":37,"column":12}},"loc":{"start":{"line":37,"column":26},"end":{"line":37,"column":47}}}},"branchMap":{"0":{"loc":{"start":{"line":22,"column":4},"end":{"line":25,"column":null}},"type":"binary-expr","locations":[{"start":{"line":22,"column":4},"end":{"line":22,"column":10}},{"start":{"line":23,"column":4},"end":{"line":25,"column":null}}]}},"s":{"0":1,"1":1,"2":1,"3":1,"4":9,"5":9,"6":9,"7":9,"8":1,"9":5},"f":{"0":9,"1":9,"2":9,"3":9,"4":5},"b":{"0":[9,4]}}
,"/home/oem/Desktop/Projects/Hubert/src/components/InputSearch/index.tsx": {"path":"/home/oem/Desktop/Projects/Hubert/src/components/InputSearch/index.tsx","statementMap":{"0":{"start":{"line":2,"column":0},"end":{"line":2,"column":55}},"1":{"start":{"line":3,"column":0},"end":{"line":3,"column":49}},"2":{"start":{"line":4,"column":0},"end":{"line":4,"column":32}},"3":{"start":{"line":6,"column":66},"end":{"line":17,"column":1}},"4":{"start":{"line":9,"column":2},"end":{"line":16,"column":4}},"5":{"start":{"line":6,"column":13},"end":{"line":6,"column":66}}},"fnMap":{"0":{"name":"(anonymous_0)","decl":{"start":{"line":6,"column":66},"end":{"line":6,"column":67}},"loc":{"start":{"line":8,"column":5},"end":{"line":17,"column":1}}}},"branchMap":{},"s":{"0":1,"1":1,"2":1,"3":1,"4":2,"5":1},"f":{"0":2},"b":{}}
,"/home/oem/Desktop/Projects/Hubert/src/components/InputSearch/styles.ts": {"path":"/home/oem/Desktop/Projects/Hubert/src/components/InputSearch/styles.ts","statementMap":{"0":{"start":{"line":1,"column":0},"end":{"line":1,"column":39}},"1":{"start":{"line":3,"column":13},"end":{"line":17,"column":2}},"2":{"start":{"line":10,"column":37},"end":{"line":10,"column":58}},"3":{"start":{"line":15,"column":39},"end":{"line":15,"column":60}},"4":{"start":{"line":19,"column":13},"end":{"line":32,"column":2}},"5":{"start":{"line":24,"column":26},"end":{"line":24,"column":47}},"6":{"start":{"line":25,"column":25},"end":{"line":25,"column":53}},"7":{"start":{"line":30,"column":28},"end":{"line":30,"column":49}},"8":{"start":{"line":34,"column":13},"end":{"line":37,"column":2}}},"fnMap":{"0":{"name":"(anonymous_0)","decl":{"start":{"line":10,"column":22},"end":{"line":10,"column":23}},"loc":{"start":{"line":10,"column":37},"end":{"line":10,"column":58}}},"1":{"name":"(anonymous_1)","decl":{"start":{"line":15,"column":24},"end":{"line":15,"column":25}},"loc":{"start":{"line":15,"column":39},"end":{"line":15,"column":60}}},"2":{"name":"(anonymous_2)","decl":{"start":{"line":24,"column":11},"end":{"line":24,"column":12}},"loc":{"start":{"line":24,"column":26},"end":{"line":24,"column":47}}},"3":{"name":"(anonymous_3)","decl":{"start":{"line":25,"column":10},"end":{"line":25,"column":11}},"loc":{"start":{"line":25,"column":25},"end":{"line":25,"column":53}}},"4":{"name":"(anonymous_4)","decl":{"start":{"line":30,"column":13},"end":{"line":30,"column":14}},"loc":{"start":{"line":30,"column":28},"end":{"line":30,"column":49}}}},"branchMap":{},"s":{"0":1,"1":1,"2":2,"3":2,"4":1,"5":2,"6":2,"7":2,"8":1},"f":{"0":2,"1":2,"2":2,"3":2,"4":2},"b":{}}
,"/home/oem/Desktop/Projects/Hubert/src/components/ProductDetailText/index.tsx": {"path":"/home/oem/Desktop/Projects/Hubert/src/components/ProductDetailText/index.tsx","statementMap":{"0":{"start":{"line":2,"column":0},"end":{"line":2,"column":43}},"1":{"start":{"line":9,"column":63},"end":{"line":20,"column":1}},"2":{"start":{"line":13,"column":2},"end":{"line":19,"column":4}},"3":{"start":{"line":9,"column":13},"end":{"line":9,"column":63}}},"fnMap":{"0":{"name":"(anonymous_0)","decl":{"start":{"line":9,"column":63},"end":{"line":9,"column":64}},"loc":{"start":{"line":12,"column":5},"end":{"line":20,"column":1}}}},"branchMap":{},"s":{"0":1,"1":1,"2":2,"3":1},"f":{"0":2},"b":{}}
,"/home/oem/Desktop/Projects/Hubert/src/components/ProductDetailText/styles.ts": {"path":"/home/oem/Desktop/Projects/Hubert/src/components/ProductDetailText/styles.ts","statementMap":{"0":{"start":{"line":1,"column":0},"end":{"line":1,"column":39}},"1":{"start":{"line":3,"column":13},"end":{"line":5,"column":2}},"2":{"start":{"line":7,"column":13},"end":{"line":14,"column":2}},"3":{"start":{"line":12,"column":25},"end":{"line":12,"column":58}},"4":{"start":{"line":13,"column":26},"end":{"line":13,"column":47}}},"fnMap":{"0":{"name":"(anonymous_0)","decl":{"start":{"line":12,"column":10},"end":{"line":12,"column":11}},"loc":{"start":{"line":12,"column":25},"end":{"line":12,"column":58}}},"1":{"name":"(anonymous_1)","decl":{"start":{"line":13,"column":11},"end":{"line":13,"column":12}},"loc":{"start":{"line":13,"column":26},"end":{"line":13,"column":47}}}},"branchMap":{},"s":{"0":1,"1":1,"2":1,"3":2,"4":2},"f":{"0":2,"1":2},"b":{}}
,"/home/oem/Desktop/Projects/Hubert/src/components/Table/index.tsx": {"path":"/home/oem/Desktop/Projects/Hubert/src/components/Table/index.tsx","statementMap":{"0":{"start":{"line":2,"column":0},"end":{"line":2,"column":47}},"1":{"start":{"line":4,"column":0},"end":{"line":4,"column":62}},"2":{"start":{"line":5,"column":0},"end":{"line":5,"column":63}},"3":{"start":{"line":6,"column":0},"end":{"line":6,"column":78}},"4":{"start":{"line":12,"column":39},"end":{"line":48,"column":1}},"5":{"start":{"line":13,"column":19},"end":{"line":13,"column":32}},"6":{"start":{"line":15,"column":2},"end":{"line":47,"column":4}},"7":{"start":{"line":20,"column":12},"end":{"line":20,"column":38}},"8":{"start":{"line":26,"column":10},"end":{"line":27,"column":null}},"9":{"start":{"line":29,"column":14},"end":{"line":29,"column":69}},"10":{"start":{"line":12,"column":13},"end":{"line":12,"column":39}}},"fnMap":{"0":{"name":"(anonymous_0)","decl":{"start":{"line":12,"column":39},"end":{"line":12,"column":40}},"loc":{"start":{"line":12,"column":52},"end":{"line":48,"column":1}}},"1":{"name":"(anonymous_1)","decl":{"start":{"line":19,"column":33},"end":{"line":19,"column":34}},"loc":{"start":{"line":20,"column":12},"end":{"line":20,"column":38}}},"2":{"name":"(anonymous_2)","decl":{"start":{"line":25,"column":18},"end":{"line":25,"column":19}},"loc":{"start":{"line":26,"column":10},"end":{"line":27,"column":null}}},"3":{"name":"(anonymous_3)","decl":{"start":{"line":28,"column":21},"end":{"line":28,"column":24}},"loc":{"start":{"line":29,"column":14},"end":{"line":29,"column":69}}}},"branchMap":{},"s":{"0":1,"1":1,"2":1,"3":1,"4":1,"5":5,"6":5,"7":35,"8":10,"9":1,"10":1},"f":{"0":5,"1":35,"2":10,"3":1},"b":{}}
,"/home/oem/Desktop/Projects/Hubert/src/components/Table/styles.ts": {"path":"/home/oem/Desktop/Projects/Hubert/src/components/Table/styles.ts","statementMap":{"0":{"start":{"line":1,"column":0},"end":{"line":1,"column":57}},"1":{"start":{"line":2,"column":0},"end":{"line":2,"column":39}},"2":{"start":{"line":4,"column":13},"end":{"line":9,"column":2}},"3":{"start":{"line":11,"column":13},"end":{"line":11,"column":42}},"4":{"start":{"line":13,"column":13},"end":{"line":18,"column":2}},"5":{"start":{"line":14,"column":31},"end":{"line":14,"column":54}},"6":{"start":{"line":16,"column":25},"end":{"line":16,"column":53}},"7":{"start":{"line":17,"column":26},"end":{"line":17,"column":47}},"8":{"start":{"line":20,"column":13},"end":{"line":28,"column":2}},"9":{"start":{"line":21,"column":44},"end":{"line":21,"column":67}},"10":{"start":{"line":25,"column":33},"end":{"line":25,"column":56}},"11":{"start":{"line":30,"column":13},"end":{"line":35,"column":2}},"12":{"start":{"line":33,"column":25},"end":{"line":33,"column":53}},"13":{"start":{"line":34,"column":26},"end":{"line":34,"column":47}},"14":{"start":{"line":37,"column":13},"end":{"line":41,"column":2}},"15":{"start":{"line":40,"column":26},"end":{"line":40,"column":47}}},"fnMap":{"0":{"name":"(anonymous_0)","decl":{"start":{"line":14,"column":16},"end":{"line":14,"column":17}},"loc":{"start":{"line":14,"column":31},"end":{"line":14,"column":54}}},"1":{"name":"(anonymous_1)","decl":{"start":{"line":16,"column":10},"end":{"line":16,"column":11}},"loc":{"start":{"line":16,"column":25},"end":{"line":16,"column":53}}},"2":{"name":"(anonymous_2)","decl":{"start":{"line":17,"column":11},"end":{"line":17,"column":12}},"loc":{"start":{"line":17,"column":26},"end":{"line":17,"column":47}}},"3":{"name":"(anonymous_3)","decl":{"start":{"line":21,"column":29},"end":{"line":21,"column":30}},"loc":{"start":{"line":21,"column":44},"end":{"line":21,"column":67}}},"4":{"name":"(anonymous_4)","decl":{"start":{"line":25,"column":18},"end":{"line":25,"column":19}},"loc":{"start":{"line":25,"column":33},"end":{"line":25,"column":56}}},"5":{"name":"(anonymous_5)","decl":{"start":{"line":33,"column":10},"end":{"line":33,"column":11}},"loc":{"start":{"line":33,"column":25},"end":{"line":33,"column":53}}},"6":{"name":"(anonymous_6)","decl":{"start":{"line":34,"column":11},"end":{"line":34,"column":12}},"loc":{"start":{"line":34,"column":26},"end":{"line":34,"column":47}}},"7":{"name":"(anonymous_7)","decl":{"start":{"line":40,"column":11},"end":{"line":40,"column":12}},"loc":{"start":{"line":40,"column":26},"end":{"line":40,"column":47}}}},"branchMap":{},"s":{"0":1,"1":1,"2":1,"3":1,"4":1,"5":35,"6":35,"7":35,"8":1,"9":10,"10":10,"11":1,"12":70,"13":70,"14":1,"15":10},"f":{"0":35,"1":35,"2":35,"3":10,"4":10,"5":70,"6":70,"7":10},"b":{}}
,"/home/oem/Desktop/Projects/Hubert/src/services/categories.ts": {"path":"/home/oem/Desktop/Projects/Hubert/src/services/categories.ts","statementMap":{"0":{"start":{"line":1,"column":13},"end":{"line":9,"column":2}}},"fnMap":{},"branchMap":{},"s":{"0":1},"f":{},"b":{}}
,"/home/oem/Desktop/Projects/Hubert/src/services/exampleProduct.ts": {"path":"/home/oem/Desktop/Projects/Hubert/src/services/exampleProduct.ts","statementMap":{"0":{"start":{"line":1,"column":13},"end":{"line":22,"column":2}}},"fnMap":{},"branchMap":{},"s":{"0":1},"f":{},"b":{}}
,"/home/oem/Desktop/Projects/Hubert/src/services/formatCurrency.ts": {"path":"/home/oem/Desktop/Projects/Hubert/src/services/formatCurrency.ts","statementMap":{"0":{"start":{"line":1,"column":13},"end":{"line":4,"column":3}}},"fnMap":{},"branchMap":{},"s":{"0":1},"f":{},"b":{}}
,"/home/oem/Desktop/Projects/Hubert/src/theme/index.ts": {"path":"/home/oem/Desktop/Projects/Hubert/src/theme/index.ts","statementMap":{"0":{"start":{"line":1,"column":0},"end":{"line":1,"column":34}},"1":{"start":{"line":2,"column":0},"end":{"line":2,"column":38}},"2":{"start":{"line":4,"column":0},"end":{"line":10,"column":2}}},"fnMap":{},"branchMap":{},"s":{"0":5,"1":5,"2":5},"f":{},"b":{}}
,"/home/oem/Desktop/Projects/Hubert/src/theme/colors/index.ts": {"path":"/home/oem/Desktop/Projects/Hubert/src/theme/colors/index.ts","statementMap":{"0":{"start":{"line":1,"column":13},"end":{"line":9,"column":2}}},"fnMap":{},"branchMap":{},"s":{"0":5},"f":{},"b":{}}
,"/home/oem/Desktop/Projects/Hubert/src/theme/fonts/index.ts": {"path":"/home/oem/Desktop/Projects/Hubert/src/theme/fonts/index.ts","statementMap":{"0":{"start":{"line":1,"column":13},"end":{"line":10,"column":2}}},"fnMap":{},"branchMap":{},"s":{"0":5},"f":{},"b":{}}
}
