TN:
SF:src/components/ButtonBack/index.tsx
FN:8,(anonymous_0)
FNF:1
FNH:1
FNDA:5,(anonymous_0)
DA:2,2
DA:8,2
DA:9,5
LF:3
LH:3
BRF:0
BRH:0
end_of_record
TN:
SF:src/components/ButtonBack/styles.ts
FN:6,(anonymous_0)
FN:7,(anonymous_1)
FN:8,(anonymous_2)
FNF:3
FNH:3
FNDA:5,(anonymous_0)
FNDA:5,(anonymous_1)
FNDA:5,(anonymous_2)
DA:1,2
DA:3,2
DA:6,5
DA:7,5
DA:8,5
LF:5
LH:5
BRF:0
BRH:0
end_of_record
TN:
SF:src/components/HistoryPages/index.tsx
FN:9,(anonymous_0)
FN:12,(anonymous_1)
FNF:2
FNH:2
FNDA:21,(anonymous_0)
FNDA:1,(anonymous_1)
DA:2,3
DA:3,3
DA:9,3
DA:10,21
DA:12,21
DA:13,1
DA:16,21
LF:7
LH:7
BRDA:23,0,0,21
BRDA:23,0,1,4
BRF:2
BRH:2
end_of_record
TN:
SF:src/components/HistoryPages/styles.ts
FN:18,(anonymous_0)
FN:19,(anonymous_1)
FN:21,(anonymous_2)
FN:28,(anonymous_3)
FN:37,(anonymous_4)
FNF:5
FNH:5
FNDA:46,(anonymous_0)
FNDA:46,(anonymous_1)
FNDA:46,(anonymous_2)
FNDA:46,(anonymous_3)
FNDA:25,(anonymous_4)
DA:1,3
DA:2,3
DA:8,3
DA:17,3
DA:18,46
DA:19,46
DA:22,46
DA:28,46
DA:34,3
DA:37,25
LF:10
LH:10
BRDA:22,0,0,46
BRDA:22,0,1,21
BRF:2
BRH:2
end_of_record
TN:
SF:src/components/InputSearch/index.tsx
FN:6,(anonymous_0)
FNF:1
FNH:1
FNDA:16,(anonymous_0)
DA:2,2
DA:3,2
DA:4,2
DA:6,2
DA:9,16
LF:5
LH:5
BRF:0
BRH:0
end_of_record
TN:
SF:src/components/InputSearch/styles.ts
FN:10,(anonymous_0)
FN:15,(anonymous_1)
FN:24,(anonymous_2)
FN:25,(anonymous_3)
FN:30,(anonymous_4)
FNF:5
FNH:5
FNDA:16,(anonymous_0)
FNDA:16,(anonymous_1)
FNDA:16,(anonymous_2)
FNDA:16,(anonymous_3)
FNDA:16,(anonymous_4)
DA:1,2
DA:3,2
DA:10,16
DA:15,16
DA:19,2
DA:24,16
DA:25,16
DA:30,16
DA:34,2
LF:9
LH:9
BRF:0
BRH:0
end_of_record
TN:
SF:src/components/Loading/index.tsx
FN:4,(anonymous_0)
FNF:1
FNH:1
FNDA:11,(anonymous_0)
DA:2,1
DA:4,1
DA:5,11
LF:3
LH:3
BRF:0
BRH:0
end_of_record
TN:
SF:src/components/Loading/styles.ts
FN:10,(anonymous_0)
FNF:1
FNH:1
FNDA:11,(anonymous_0)
DA:1,1
DA:3,1
DA:11,11
LF:3
LH:3
BRF:0
BRH:0
end_of_record
TN:
SF:src/components/Pagination/index.tsx
FN:10,(anonymous_0)
FN:18,(anonymous_1)
FN:22,(anonymous_2)
FNF:3
FNH:1
FNDA:11,(anonymous_0)
FNDA:0,(anonymous_1)
FNDA:0,(anonymous_2)
DA:2,1
DA:10,1
DA:15,11
DA:16,11
DA:19,0
DA:22,0
LF:6
LH:4
BRF:0
BRH:0
end_of_record
TN:
SF:src/components/Pagination/styles.ts
FN:15,(anonymous_0)
FN:16,(anonymous_1)
FN:20,(anonymous_2)
FNF:3
FNH:0
FNDA:0,(anonymous_0)
FNDA:0,(anonymous_1)
FNDA:0,(anonymous_2)
DA:1,1
DA:7,1
DA:14,1
DA:15,0
DA:16,0
DA:21,0
LF:6
LH:3
BRDA:21,0,0,0
BRDA:21,0,1,0
BRF:2
BRH:0
end_of_record
TN:
SF:src/components/ProductDetailText/index.tsx
FN:9,(anonymous_0)
FNF:1
FNH:1
FNDA:23,(anonymous_0)
DA:2,2
DA:9,2
DA:13,23
LF:3
LH:3
BRF:0
BRH:0
end_of_record
TN:
SF:src/components/ProductDetailText/styles.ts
FN:12,(anonymous_0)
FN:13,(anonymous_1)
FNF:2
FNH:2
FNDA:23,(anonymous_0)
FNDA:23,(anonymous_1)
DA:1,2
DA:3,2
DA:7,2
DA:12,23
DA:13,23
LF:5
LH:5
BRF:0
BRH:0
end_of_record
TN:
SF:src/components/Table/index.tsx
FN:12,(anonymous_0)
FN:19,(anonymous_1)
FN:25,(anonymous_2)
FN:28,(anonymous_3)
FNF:4
FNH:4
FNDA:5,(anonymous_0)
FNDA:35,(anonymous_1)
FNDA:10,(anonymous_2)
FNDA:1,(anonymous_3)
DA:2,2
DA:4,2
DA:5,2
DA:6,2
DA:12,2
DA:13,5
DA:15,5
DA:20,35
DA:26,10
DA:29,1
LF:10
LH:10
BRF:0
BRH:0
end_of_record
TN:
SF:src/components/Table/styles.ts
FN:14,(anonymous_0)
FN:16,(anonymous_1)
FN:17,(anonymous_2)
FN:21,(anonymous_3)
FN:25,(anonymous_4)
FN:33,(anonymous_5)
FN:34,(anonymous_6)
FN:40,(anonymous_7)
FNF:8
FNH:8
FNDA:35,(anonymous_0)
FNDA:35,(anonymous_1)
FNDA:35,(anonymous_2)
FNDA:10,(anonymous_3)
FNDA:10,(anonymous_4)
FNDA:70,(anonymous_5)
FNDA:70,(anonymous_6)
FNDA:10,(anonymous_7)
DA:1,2
DA:2,2
DA:4,2
DA:11,2
DA:13,2
DA:14,35
DA:16,35
DA:17,35
DA:20,2
DA:21,10
DA:25,10
DA:30,2
DA:33,70
DA:34,70
DA:37,2
DA:40,10
LF:16
LH:16
BRF:0
BRH:0
end_of_record
TN:
SF:src/hooks/usePagination.ts
FN:4,(anonymous_0)
FN:14,(anonymous_1)
FNF:2
FNH:2
FNDA:15,(anonymous_0)
FNDA:5,(anonymous_1)
DA:1,1
DA:4,1
DA:5,15
DA:6,15
DA:7,15
DA:9,15
DA:11,15
DA:12,15
DA:14,15
DA:15,5
DA:18,15
LF:11
LH:11
BRF:0
BRH:0
end_of_record
TN:
SF:src/hooks/useProducts.ts
FN:5,(anonymous_0)
FN:9,(anonymous_1)
FNF:2
FNH:2
FNDA:15,(anonymous_0)
FNDA:7,(anonymous_1)
DA:1,1
DA:3,1
DA:5,1
DA:6,15
DA:7,15
DA:9,15
DA:10,7
DA:11,7
DA:12,0
DA:13,0
DA:15,7
DA:19,15
LF:12
LH:10
BRF:0
BRH:0
end_of_record
TN:
SF:src/pages/Details/index.tsx
FN:11,(anonymous_0)
FN:16,(anonymous_1)
FNF:2
FNH:2
FNDA:3,(anonymous_0)
FNDA:1,(anonymous_1)
DA:1,1
DA:2,1
DA:4,1
DA:5,1
DA:6,1
DA:7,1
DA:8,1
DA:9,1
DA:11,1
DA:12,3
DA:13,3
DA:14,3
DA:16,3
DA:17,1
DA:20,3
LF:15
LH:15
BRF:0
BRH:0
end_of_record
TN:
SF:src/pages/Details/styles.ts
FN:8,(anonymous_0)
FN:13,(anonymous_1)
FN:14,(anonymous_2)
FN:35,(anonymous_3)
FNF:4
FNH:4
FNDA:3,(anonymous_0)
FNDA:3,(anonymous_1)
FNDA:3,(anonymous_2)
FNDA:3,(anonymous_3)
DA:1,1
DA:7,1
DA:8,3
DA:12,1
DA:13,3
DA:14,3
DA:17,1
DA:31,1
DA:35,3
LF:9
LH:9
BRF:0
BRH:0
end_of_record
TN:
SF:src/pages/Home/index.tsx
FN:19,(anonymous_0)
FN:26,(anonymous_1)
FN:30,(anonymous_2)
FN:47,(anonymous_3)
FN:53,(anonymous_4)
FN:71,(anonymous_5)
FNF:6
FNH:6
FNDA:15,(anonymous_0)
FNDA:5,(anonymous_1)
FNDA:4,(anonymous_2)
FNDA:1,(anonymous_3)
FNDA:15,(anonymous_4)
FNDA:4,(anonymous_5)
DA:1,1
DA:3,1
DA:4,1
DA:5,1
DA:6,1
DA:7,1
DA:8,1
DA:9,1
DA:11,1
DA:12,1
DA:19,1
DA:20,15
DA:22,15
DA:24,15
DA:26,15
DA:27,5
DA:30,15
DA:31,4
DA:33,4
DA:39,3
DA:40,3
DA:43,1
DA:47,15
DA:48,1
DA:49,1
DA:50,1
DA:53,15
DA:54,15
DA:55,12
DA:56,3
DA:57,3
DA:64,15
DA:72,4
LF:33
LH:33
BRDA:33,0,0,3
BRDA:33,0,1,1
BRDA:39,1,0,3
BRDA:54,2,0,12
BRDA:54,2,1,3
BRDA:54,3,0,15
BRDA:54,3,1,15
BRDA:56,4,0,3
BRDA:56,4,1,0
BRDA:56,5,0,3
BRDA:56,5,1,3
BRDA:80,6,0,15
BRDA:80,6,1,12
BRF:13
BRH:12
end_of_record
TN:
SF:src/pages/Home/styles.ts
FN:10,(anonymous_0)
FN:11,(anonymous_1)
FN:20,(anonymous_2)
FN:21,(anonymous_3)
FN:28,(anonymous_4)
FNF:5
FNH:5
FNDA:14,(anonymous_0)
FNDA:14,(anonymous_1)
FNDA:3,(anonymous_2)
FNDA:3,(anonymous_3)
FNDA:14,(anonymous_4)
DA:1,1
DA:3,1
DA:9,1
DA:10,14
DA:11,14
DA:19,1
DA:20,3
DA:21,3
DA:25,1
DA:28,14
LF:10
LH:10
BRF:0
BRH:0
end_of_record
TN:
SF:src/services/categories.ts
FNF:0
FNH:0
DA:1,2
LF:1
LH:1
BRF:0
BRH:0
end_of_record
TN:
SF:src/services/exampleProduct.ts
FNF:0
FNH:0
DA:1,3
DA:24,3
LF:2
LH:2
BRF:0
BRH:0
end_of_record
TN:
SF:src/services/formatCurrency.ts
FNF:0
FNH:0
DA:1,3
LF:1
LH:1
BRF:0
BRH:0
end_of_record
TN:
SF:src/shared/AnimatedContainer/index.tsx
FN:8,(anonymous_0)
FNF:1
FNH:1
FNDA:17,(anonymous_0)
DA:2,2
DA:8,2
DA:9,17
LF:3
LH:3
BRF:0
BRH:0
end_of_record
TN:
SF:src/shared/AnimatedContainer/styles.ts
FNF:0
FNH:0
DA:1,2
DA:2,2
DA:4,2
LF:3
LH:3
BRF:0
BRH:0
end_of_record
TN:
SF:src/theme/index.ts
FNF:0
FNH:0
DA:1,7
DA:2,7
DA:4,7
LF:3
LH:3
BRF:0
BRH:0
end_of_record
TN:
SF:src/theme/colors/index.ts
FNF:0
FNH:0
DA:1,7
LF:1
LH:1
BRF:0
BRH:0
end_of_record
TN:
SF:src/theme/fonts/index.ts
FNF:0
FNH:0
DA:1,7
LF:1
LH:1
BRF:0
BRH:0
end_of_record
